<?xml version="1.0" encoding="UTF-8"?>
<coverage generated="1550228585545" clover="3.2.0">
  <project timestamp="1550228585545" name="All files">
    <metrics statements="5" coveredstatements="5" conditionals="8" coveredconditionals="8" methods="1" coveredmethods="1" elements="14" coveredelements="14" complexity="0" loc="5" ncloc="5" packages="1" files="1" classes="1">
      <file name="foobar.js" path="/home/radone/Projects/testing/foobar.js">
        <metrics statements="5" coveredstatements="5" conditionals="8" coveredconditionals="8" methods="1" coveredmethods="1"/>
        <line num="1" count="1" type="stmt"/>
        <line num="3" count="4" type="cond" truecount="4" falsecount="0"/>
        <line num="4" count="3" type="cond" truecount="2" falsecount="0"/>
        <line num="5" count="2" type="cond" truecount="2" falsecount="0"/>
        <line num="6" count="1" type="stmt"/>
      </file>
    </metrics>
  </project>
</coverage>
