{"/home/radone/Projects/testing/foobar.js": {"path":"/home/radone/Projects/testing/foobar.js","statementMap":{"0":{"start":{"line":1,"column":0},"end":{"line":8,"column":1}},"1":{"start":{"line":3,"column":8},"end":{"line":3,"column":70}},"2":{"start":{"line":3,"column":55},"end":{"line":3,"column":70}},"3":{"start":{"line":4,"column":8},"end":{"line":4,"column":44}},"4":{"start":{"line":4,"column":32},"end":{"line":4,"column":44}},"5":{"start":{"line":5,"column":8},"end":{"line":5,"column":44}},"6":{"start":{"line":5,"column":32},"end":{"line":5,"column":44}},"7":{"start":{"line":6,"column":8},"end":{"line":6,"column":32}}},"fnMap":{"0":{"name":"(anonymous_0)","decl":{"start":{"line":2,"column":4},"end":{"line":2,"column":5}},"loc":{"start":{"line":2,"column":19},"end":{"line":7,"column":5}},"line":2}},"branchMap":{"0":{"loc":{"start":{"line":3,"column":8},"end":{"line":3,"column":70}},"type":"if","locations":[{"start":{"line":3,"column":8},"end":{"line":3,"column":70}},{"start":{"line":3,"column":8},"end":{"line":3,"column":70}}],"line":3},"1":{"loc":{"start":{"line":3,"column":11},"end":{"line":3,"column":53}},"type":"binary-expr","locations":[{"start":{"line":3,"column":11},"end":{"line":3,"column":30}},{"start":{"line":3,"column":34},"end":{"line":3,"column":53}}],"line":3},"2":{"loc":{"start":{"line":4,"column":8},"end":{"line":4,"column":44}},"type":"if","locations":[{"start":{"line":4,"column":8},"end":{"line":4,"column":44}},{"start":{"line":4,"column":8},"end":{"line":4,"column":44}}],"line":4},"3":{"loc":{"start":{"line":5,"column":8},"end":{"line":5,"column":44}},"type":"if","locations":[{"start":{"line":5,"column":8},"end":{"line":5,"column":44}},{"start":{"line":5,"column":8},"end":{"line":5,"column":44}}],"line":5}},"s":{"0":1,"1":4,"2":1,"3":3,"4":1,"5":2,"6":1,"7":1},"f":{"0":4},"b":{"0":[1,3],"1":[4,2],"2":[1,2],"3":[1,1]},"_coverageSchema":"332fd63041d2c1bcb487cc26dd0d5f7d97098a6c","hash":"bdebf16c395dba8ee0a8b5033a692ad98bd40b95"}
}
